<?xml version="1.0" encoding="UTF-8"?>
<testsuite xmlns:xsi="http://www.w3.org/2001/XMLSchema-instance" xsi:noNamespaceSchemaLocation="https://maven.apache.org/surefire/maven-surefire-plugin/xsd/surefire-test-report-3.0.xsd" version="3.0" name="TestSuite" time="19.823" tests="1" errors="0" skipped="0" failures="0">
  <properties>
    <property name="java.specification.version" value="14"/>
    <property name="webdriver.chrome.driver" value="D:\IntelliJWorkspace\Aparupa_Assignment_02//src//main//resources//drivers//chromedriver.exe"/>
    <property name="sun.cpu.isalist" value="amd64"/>
    <property name="sun.jnu.encoding" value="Cp1252"/>
    <property name="java.class.path" value="C:\Users\Admin\.m2\repository\org\apache\maven\surefire\surefire-booter\3.0.0-M4\surefire-booter-3.0.0-M4.jar;C:\Users\Admin\.m2\repository\org\apache\maven\surefire\surefire-api\3.0.0-M4\surefire-api-3.0.0-M4.jar;C:\Users\Admin\.m2\repository\org\apache\maven\surefire\surefire-logger-api\3.0.0-M4\surefire-logger-api-3.0.0-M4.jar;D:\IntelliJWorkspace\Aparupa_Assignment_02\target\test-classes;D:\IntelliJWorkspace\Aparupa_Assignment_02\target\classes;C:\Users\Admin\.m2\repository\org\seleniumhq\selenium\selenium-java\3.141.59\selenium-java-3.141.59.jar;C:\Users\Admin\.m2\repository\org\seleniumhq\selenium\selenium-api\3.141.59\selenium-api-3.141.59.jar;C:\Users\Admin\.m2\repository\org\seleniumhq\selenium\selenium-chrome-driver\3.141.59\selenium-chrome-driver-3.141.59.jar;C:\Users\Admin\.m2\repository\org\seleniumhq\selenium\selenium-edge-driver\3.141.59\selenium-edge-driver-3.141.59.jar;C:\Users\Admin\.m2\repository\org\seleniumhq\selenium\selenium-firefox-driver\3.141.59\selenium-firefox-driver-3.141.59.jar;C:\Users\Admin\.m2\repository\org\seleniumhq\selenium\selenium-ie-driver\3.141.59\selenium-ie-driver-3.141.59.jar;C:\Users\Admin\.m2\repository\org\seleniumhq\selenium\selenium-opera-driver\3.141.59\selenium-opera-driver-3.141.59.jar;C:\Users\Admin\.m2\repository\org\seleniumhq\selenium\selenium-remote-driver\3.141.59\selenium-remote-driver-3.141.59.jar;C:\Users\Admin\.m2\repository\org\seleniumhq\selenium\selenium-safari-driver\3.141.59\selenium-safari-driver-3.141.59.jar;C:\Users\Admin\.m2\repository\org\seleniumhq\selenium\selenium-support\3.141.59\selenium-support-3.141.59.jar;C:\Users\Admin\.m2\repository\net\bytebuddy\byte-buddy\1.8.15\byte-buddy-1.8.15.jar;C:\Users\Admin\.m2\repository\org\apache\commons\commons-exec\1.3\commons-exec-1.3.jar;C:\Users\Admin\.m2\repository\com\google\guava\guava\25.0-jre\guava-25.0-jre.jar;C:\Users\Admin\.m2\repository\com\google\code\findbugs\jsr305\1.3.9\jsr305-1.3.9.jar;C:\Users\Admin\.m2\repository\org\checkerframework\checker-compat-qual\2.0.0\checker-compat-qual-2.0.0.jar;C:\Users\Admin\.m2\repository\com\google\errorprone\error_prone_annotations\2.1.3\error_prone_annotations-2.1.3.jar;C:\Users\Admin\.m2\repository\com\google\j2objc\j2objc-annotations\1.1\j2objc-annotations-1.1.jar;C:\Users\Admin\.m2\repository\org\codehaus\mojo\animal-sniffer-annotations\1.14\animal-sniffer-annotations-1.14.jar;C:\Users\Admin\.m2\repository\com\squareup\okhttp3\okhttp\3.11.0\okhttp-3.11.0.jar;C:\Users\Admin\.m2\repository\com\squareup\okio\okio\1.14.0\okio-1.14.0.jar;C:\Users\Admin\.m2\repository\io\qameta\allure\allure-testng\2.13.5\allure-testng-2.13.5.jar;C:\Users\Admin\.m2\repository\io\qameta\allure\allure-java-commons\2.13.5\allure-java-commons-2.13.5.jar;C:\Users\Admin\.m2\repository\io\qameta\allure\allure-model\2.13.5\allure-model-2.13.5.jar;C:\Users\Admin\.m2\repository\org\slf4j\slf4j-api\1.7.30\slf4j-api-1.7.30.jar;C:\Users\Admin\.m2\repository\com\fasterxml\jackson\core\jackson-databind\2.9.8\jackson-databind-2.9.8.jar;C:\Users\Admin\.m2\repository\com\fasterxml\jackson\core\jackson-annotations\2.9.0\jackson-annotations-2.9.0.jar;C:\Users\Admin\.m2\repository\com\fasterxml\jackson\core\jackson-core\2.9.8\jackson-core-2.9.8.jar;C:\Users\Admin\.m2\repository\org\apache\tika\tika-core\1.20\tika-core-1.20.jar;C:\Users\Admin\.m2\repository\org\jooq\joor-java-8\0.9.10\joor-java-8-0.9.10.jar;C:\Users\Admin\.m2\repository\org\testng\testng\6.14.3\testng-6.14.3.jar;C:\Users\Admin\.m2\repository\com\beust\jcommander\1.72\jcommander-1.72.jar;C:\Users\Admin\.m2\repository\org\apache-extras\beanshell\bsh\2.0b6\bsh-2.0b6.jar;C:\Users\Admin\.m2\repository\org\apache\poi\poi\4.1.2\poi-4.1.2.jar;C:\Users\Admin\.m2\repository\commons-codec\commons-codec\1.13\commons-codec-1.13.jar;C:\Users\Admin\.m2\repository\org\apache\commons\commons-collections4\4.4\commons-collections4-4.4.jar;C:\Users\Admin\.m2\repository\org\apache\commons\commons-math3\3.6.1\commons-math3-3.6.1.jar;C:\Users\Admin\.m2\repository\com\zaxxer\SparseBitSet\1.2\SparseBitSet-1.2.jar;C:\Users\Admin\.m2\repository\io\cucumber\cucumber-java\6.3.0\cucumber-java-6.3.0.jar;C:\Users\Admin\.m2\repository\org\apiguardian\apiguardian-api\1.1.0\apiguardian-api-1.1.0.jar;C:\Users\Admin\.m2\repository\io\cucumber\cucumber-core\6.3.0\cucumber-core-6.3.0.jar;C:\Users\Admin\.m2\repository\io\cucumber\cucumber-gherkin\6.3.0\cucumber-gherkin-6.3.0.jar;C:\Users\Admin\.m2\repository\io\cucumber\cucumber-gherkin-messages\6.3.0\cucumber-gherkin-messages-6.3.0.jar;C:\Users\Admin\.m2\repository\io\cucumber\messages\12.2.0\messages-12.2.0.jar;C:\Users\Admin\.m2\repository\io\cucumber\tag-expressions\3.0.0\tag-expressions-3.0.0.jar;C:\Users\Admin\.m2\repository\io\cucumber\cucumber-expressions\10.2.1\cucumber-expressions-10.2.1.jar;C:\Users\Admin\.m2\repository\io\cucumber\datatable\3.3.1\datatable-3.3.1.jar;C:\Users\Admin\.m2\repository\io\cucumber\cucumber-plugin\6.3.0\cucumber-plugin-6.3.0.jar;C:\Users\Admin\.m2\repository\io\cucumber\docstring\6.3.0\docstring-6.3.0.jar;C:\Users\Admin\.m2\repository\io\cucumber\html-formatter\7.0.0\html-formatter-7.0.0.jar;C:\Users\Admin\.m2\repository\io\cucumber\cucumber-testng\6.3.0\cucumber-testng-6.3.0.jar;C:\Users\Admin\.m2\repository\io\cucumber\gherkin\5.1.0\gherkin-5.1.0.jar;C:\Users\Admin\.m2\repository\io\cucumber\gherkin-jvm-deps\1.0.4\gherkin-jvm-deps-1.0.4.jar;C:\Users\Admin\.m2\repository\org\apache\maven\surefire\surefire-testng\3.0.0-M4\surefire-testng-3.0.0-M4.jar;C:\Users\Admin\.m2\repository\org\apache\maven\surefire\common-java5\3.0.0-M4\common-java5-3.0.0-M4.jar;C:\Users\Admin\.m2\repository\org\apache\maven\surefire\surefire-testng-utils\3.0.0-M4\surefire-testng-utils-3.0.0-M4.jar;C:\Users\Admin\.m2\repository\org\apache\maven\surefire\surefire-grouper\3.0.0-M4\surefire-grouper-3.0.0-M4.jar"/>
    <property name="java.vm.vendor" value="Oracle Corporation"/>
    <property name="sun.arch.data.model" value="64"/>
    <property name="user.variant" value=""/>
    <property name="java.vendor.url" value="https://java.oracle.com/"/>
    <property name="user.timezone" value="Asia/Calcutta"/>
    <property name="os.name" value="Windows 7"/>
    <property name="java.vm.specification.version" value="14"/>
    <property name="sun.java.launcher" value="SUN_STANDARD"/>
    <property name="user.country" value="US"/>
    <property name="sun.boot.library.path" value="C:\Users\Admin\.jdks\openjdk-14.0.2\bin"/>
    <property name="sun.java.command" value="org.apache.maven.surefire.booter.ForkedBooter C:\Users\Admin\AppData\Local\Temp\surefire9493504760006876328 2020-08-02T15-34-36_757-jvmRun1 surefire1123530714433657400tmp surefire_011275233889475387468tmp"/>
    <property name="jdk.debug" value="release"/>
    <property name="surefire.test.class.path" value="D:\IntelliJWorkspace\Aparupa_Assignment_02\target\test-classes;D:\IntelliJWorkspace\Aparupa_Assignment_02\target\classes;C:\Users\Admin\.m2\repository\org\seleniumhq\selenium\selenium-java\3.141.59\selenium-java-3.141.59.jar;C:\Users\Admin\.m2\repository\org\seleniumhq\selenium\selenium-api\3.141.59\selenium-api-3.141.59.jar;C:\Users\Admin\.m2\repository\org\seleniumhq\selenium\selenium-chrome-driver\3.141.59\selenium-chrome-driver-3.141.59.jar;C:\Users\Admin\.m2\repository\org\seleniumhq\selenium\selenium-edge-driver\3.141.59\selenium-edge-driver-3.141.59.jar;C:\Users\Admin\.m2\repository\org\seleniumhq\selenium\selenium-firefox-driver\3.141.59\selenium-firefox-driver-3.141.59.jar;C:\Users\Admin\.m2\repository\org\seleniumhq\selenium\selenium-ie-driver\3.141.59\selenium-ie-driver-3.141.59.jar;C:\Users\Admin\.m2\repository\org\seleniumhq\selenium\selenium-opera-driver\3.141.59\selenium-opera-driver-3.141.59.jar;C:\Users\Admin\.m2\repository\org\seleniumhq\selenium\selenium-remote-driver\3.141.59\selenium-remote-driver-3.141.59.jar;C:\Users\Admin\.m2\repository\org\seleniumhq\selenium\selenium-safari-driver\3.141.59\selenium-safari-driver-3.141.59.jar;C:\Users\Admin\.m2\repository\org\seleniumhq\selenium\selenium-support\3.141.59\selenium-support-3.141.59.jar;C:\Users\Admin\.m2\repository\net\bytebuddy\byte-buddy\1.8.15\byte-buddy-1.8.15.jar;C:\Users\Admin\.m2\repository\org\apache\commons\commons-exec\1.3\commons-exec-1.3.jar;C:\Users\Admin\.m2\repository\com\google\guava\guava\25.0-jre\guava-25.0-jre.jar;C:\Users\Admin\.m2\repository\com\google\code\findbugs\jsr305\1.3.9\jsr305-1.3.9.jar;C:\Users\Admin\.m2\repository\org\checkerframework\checker-compat-qual\2.0.0\checker-compat-qual-2.0.0.jar;C:\Users\Admin\.m2\repository\com\google\errorprone\error_prone_annotations\2.1.3\error_prone_annotations-2.1.3.jar;C:\Users\Admin\.m2\repository\com\google\j2objc\j2objc-annotations\1.1\j2objc-annotations-1.1.jar;C:\Users\Admin\.m2\repository\org\codehaus\mojo\animal-sniffer-annotations\1.14\animal-sniffer-annotations-1.14.jar;C:\Users\Admin\.m2\repository\com\squareup\okhttp3\okhttp\3.11.0\okhttp-3.11.0.jar;C:\Users\Admin\.m2\repository\com\squareup\okio\okio\1.14.0\okio-1.14.0.jar;C:\Users\Admin\.m2\repository\io\qameta\allure\allure-testng\2.13.5\allure-testng-2.13.5.jar;C:\Users\Admin\.m2\repository\io\qameta\allure\allure-java-commons\2.13.5\allure-java-commons-2.13.5.jar;C:\Users\Admin\.m2\repository\io\qameta\allure\allure-model\2.13.5\allure-model-2.13.5.jar;C:\Users\Admin\.m2\repository\org\slf4j\slf4j-api\1.7.30\slf4j-api-1.7.30.jar;C:\Users\Admin\.m2\repository\com\fasterxml\jackson\core\jackson-databind\2.9.8\jackson-databind-2.9.8.jar;C:\Users\Admin\.m2\repository\com\fasterxml\jackson\core\jackson-annotations\2.9.0\jackson-annotations-2.9.0.jar;C:\Users\Admin\.m2\repository\com\fasterxml\jackson\core\jackson-core\2.9.8\jackson-core-2.9.8.jar;C:\Users\Admin\.m2\repository\org\apache\tika\tika-core\1.20\tika-core-1.20.jar;C:\Users\Admin\.m2\repository\org\jooq\joor-java-8\0.9.10\joor-java-8-0.9.10.jar;C:\Users\Admin\.m2\repository\org\testng\testng\6.14.3\testng-6.14.3.jar;C:\Users\Admin\.m2\repository\com\beust\jcommander\1.72\jcommander-1.72.jar;C:\Users\Admin\.m2\repository\org\apache-extras\beanshell\bsh\2.0b6\bsh-2.0b6.jar;C:\Users\Admin\.m2\repository\org\apache\poi\poi\4.1.2\poi-4.1.2.jar;C:\Users\Admin\.m2\repository\commons-codec\commons-codec\1.13\commons-codec-1.13.jar;C:\Users\Admin\.m2\repository\org\apache\commons\commons-collections4\4.4\commons-collections4-4.4.jar;C:\Users\Admin\.m2\repository\org\apache\commons\commons-math3\3.6.1\commons-math3-3.6.1.jar;C:\Users\Admin\.m2\repository\com\zaxxer\SparseBitSet\1.2\SparseBitSet-1.2.jar;C:\Users\Admin\.m2\repository\io\cucumber\cucumber-java\6.3.0\cucumber-java-6.3.0.jar;C:\Users\Admin\.m2\repository\org\apiguardian\apiguardian-api\1.1.0\apiguardian-api-1.1.0.jar;C:\Users\Admin\.m2\repository\io\cucumber\cucumber-core\6.3.0\cucumber-core-6.3.0.jar;C:\Users\Admin\.m2\repository\io\cucumber\cucumber-gherkin\6.3.0\cucumber-gherkin-6.3.0.jar;C:\Users\Admin\.m2\repository\io\cucumber\cucumber-gherkin-messages\6.3.0\cucumber-gherkin-messages-6.3.0.jar;C:\Users\Admin\.m2\repository\io\cucumber\messages\12.2.0\messages-12.2.0.jar;C:\Users\Admin\.m2\repository\io\cucumber\tag-expressions\3.0.0\tag-expressions-3.0.0.jar;C:\Users\Admin\.m2\repository\io\cucumber\cucumber-expressions\10.2.1\cucumber-expressions-10.2.1.jar;C:\Users\Admin\.m2\repository\io\cucumber\datatable\3.3.1\datatable-3.3.1.jar;C:\Users\Admin\.m2\repository\io\cucumber\cucumber-plugin\6.3.0\cucumber-plugin-6.3.0.jar;C:\Users\Admin\.m2\repository\io\cucumber\docstring\6.3.0\docstring-6.3.0.jar;C:\Users\Admin\.m2\repository\io\cucumber\html-formatter\7.0.0\html-formatter-7.0.0.jar;C:\Users\Admin\.m2\repository\io\cucumber\cucumber-testng\6.3.0\cucumber-testng-6.3.0.jar;C:\Users\Admin\.m2\repository\io\cucumber\gherkin\5.1.0\gherkin-5.1.0.jar;C:\Users\Admin\.m2\repository\io\cucumber\gherkin-jvm-deps\1.0.4\gherkin-jvm-deps-1.0.4.jar;"/>
    <property name="sun.cpu.endian" value="little"/>
    <property name="user.home" value="C:\Users\Admin"/>
    <property name="user.language" value="en"/>
    <property name="java.specification.vendor" value="Oracle Corporation"/>
    <property name="java.version.date" value="2020-07-14"/>
    <property name="java.home" value="C:\Users\Admin\.jdks\openjdk-14.0.2"/>
    <property name="file.separator" value="\"/>
    <property name="basedir" value="D:\IntelliJWorkspace\Aparupa_Assignment_02"/>
    <property name="java.vm.compressedOopsMode" value="32-bit"/>
    <property name="line.separator" value="&#10;"/>
    <property name="java.vm.specification.vendor" value="Oracle Corporation"/>
    <property name="java.specification.name" value="Java Platform API Specification"/>
    <property name="idea.version2020.1.4" value="true"/>
    <property name="user.script" value=""/>
    <property name="sun.management.compiler" value="HotSpot 64-Bit Tiered Compilers"/>
    <property name="java.runtime.version" value="14.0.2+12-46"/>
    <property name="user.name" value="Admin"/>
    <property name="path.separator" value=";"/>
    <property name="os.version" value="6.1"/>
    <property name="java.runtime.name" value="OpenJDK Runtime Environment"/>
    <property name="file.encoding" value="Cp1252"/>
    <property name="java.vm.name" value="OpenJDK 64-Bit Server VM"/>
    <property name="localRepository" value="C:\Users\Admin\.m2\repository"/>
    <property name="java.vendor.url.bug" value="https://bugreport.java.com/bugreport/"/>
    <property name="java.io.tmpdir" value="C:\Users\Admin\AppData\Local\Temp\"/>
    <property name="java.version" value="14.0.2"/>
    <property name="user.dir" value="D:\IntelliJWorkspace\Aparupa_Assignment_02"/>
    <property name="os.arch" value="amd64"/>
    <property name="java.vm.specification.name" value="Java Virtual Machine Specification"/>
    <property name="sun.os.patch.level" value="Service Pack 1"/>
    <property name="java.library.path" value="C:\Users\Admin\.jdks\openjdk-14.0.2\bin;C:\Windows\Sun\Java\bin;C:\Windows\system32;C:\Windows;C:\Program Files\JetBrains\IntelliJ IDEA Community Edition 2020.1.4\jbr\bin;C:\Program Files\Git\cmd;C:\apache-maven-3.6.3\bin;C:\allure-2.13.5\bin;."/>
    <property name="java.vm.info" value="mixed mode, sharing"/>
    <property name="java.vendor" value="Oracle Corporation"/>
    <property name="java.vm.version" value="14.0.2+12-46"/>
    <property name="sun.io.unicode.encoding" value="UnicodeLittle"/>
    <property name="java.class.version" value="58.0"/>
  </properties>
  <testcase name="runScenario" classname="testRunner.runner" time="17.223"/>
</testsuite>