<?xml version="1.0" encoding="UTF-8"?>
<!-- Generated by org.testng.reporters.JUnitReportReporter -->
<testsuite hostname="Aparupa-Laptop" failures="0" tests="1" name="testRunner.runner" time="17.054" errors="0" timestamp="02 Aug 2020 10:04:59 GMT" skipped="0">
  <testcase classname="testRunner.runner" name="runScenario" time="17.054"/>
</testsuite> <!-- testRunner.runner -->
